<?xml version="1.0" encoding="UTF-8"?>
<testsuite name="com.ceiba.induccion.parqueadero.service.ParqueaderoServiceTestInt" tests="9" skipped="0" failures="0" errors="0" timestamp="2018-04-04T22:42:21" hostname="CESAR-AGUIRRE" time="0.171">
  <properties/>
  <testcase name="registrarEntradaCarroTest" classname="com.ceiba.induccion.parqueadero.service.ParqueaderoServiceTestInt" time="0.044"/>
  <testcase name="registrarEntradaMotoTest" classname="com.ceiba.induccion.parqueadero.service.ParqueaderoServiceTestInt" time="0.014"/>
  <testcase name="registrarSalidaCarroCobroTest" classname="com.ceiba.induccion.parqueadero.service.ParqueaderoServiceTestInt" time="0.046"/>
  <testcase name="registrarSalidaMotoCobroTest" classname="com.ceiba.induccion.parqueadero.service.ParqueaderoServiceTestInt" time="0.024"/>
  <testcase name="verificarDisponibilidadServicioCarroPlacaA" classname="com.ceiba.induccion.parqueadero.service.ParqueaderoServiceTestInt" time="0.009"/>
  <testcase name="verificarDisponibilidadServicioCarroTest" classname="com.ceiba.induccion.parqueadero.service.ParqueaderoServiceTestInt" time="0.007"/>
  <testcase name="verificarDisponibilidadServicioDomingoYLunesPlacaA" classname="com.ceiba.induccion.parqueadero.service.ParqueaderoServiceTestInt" time="0.005"/>
  <testcase name="verificarDisponibilidadServicioMotoPlacaA" classname="com.ceiba.induccion.parqueadero.service.ParqueaderoServiceTestInt" time="0.007"/>
  <testcase name="verificarDisponibilidadServicioMotoTest" classname="com.ceiba.induccion.parqueadero.service.ParqueaderoServiceTestInt" time="0.007"/>
  <system-out><![CDATA[2018-04-04 17:42:21.327  INFO 6732 --- [    Test worker] .b.t.c.SpringBootTestContextBootstrapper : Neither @ContextConfiguration nor @ContextHierarchy found for test class [com.ceiba.induccion.parqueadero.service.ParqueaderoServiceTestInt], using SpringBootContextLoader
2018-04-04 17:42:21.327  INFO 6732 --- [    Test worker] o.s.t.c.support.AbstractContextLoader    : Could not detect default resource locations for test class [com.ceiba.induccion.parqueadero.service.ParqueaderoServiceTestInt]: no resource found for suffixes {-context.xml, Context.groovy}.
2018-04-04 17:42:21.327  INFO 6732 --- [    Test worker] t.c.s.AnnotationConfigContextLoaderUtils : Could not detect default configuration classes for test class [com.ceiba.induccion.parqueadero.service.ParqueaderoServiceTestInt]: ParqueaderoServiceTestInt does not declare any static, non-private, non-final, nested classes annotated with @Configuration.
2018-04-04 17:42:21.327  INFO 6732 --- [    Test worker] .b.t.c.SpringBootTestContextBootstrapper : Found @SpringBootConfiguration com.ceiba.induccion.parqueadero.ParqueaderoApplication for test class com.ceiba.induccion.parqueadero.service.ParqueaderoServiceTestInt
2018-04-04 17:42:21.342  INFO 6732 --- [    Test worker] .b.t.c.SpringBootTestContextBootstrapper : Loaded default TestExecutionListener class names from location [META-INF/spring.factories]: [org.springframework.boot.test.autoconfigure.restdocs.RestDocsTestExecutionListener, org.springframework.boot.test.autoconfigure.web.client.MockRestServiceServerResetTestExecutionListener, org.springframework.boot.test.autoconfigure.web.servlet.MockMvcPrintOnlyOnFailureTestExecutionListener, org.springframework.boot.test.autoconfigure.web.servlet.WebDriverTestExecutionListener, org.springframework.boot.test.mock.mockito.MockitoTestExecutionListener, org.springframework.boot.test.mock.mockito.ResetMocksTestExecutionListener, org.springframework.test.context.web.ServletTestExecutionListener, org.springframework.test.context.support.DirtiesContextBeforeModesTestExecutionListener, org.springframework.test.context.support.DependencyInjectionTestExecutionListener, org.springframework.test.context.support.DirtiesContextTestExecutionListener, org.springframework.test.context.transaction.TransactionalTestExecutionListener, org.springframework.test.context.jdbc.SqlScriptsTestExecutionListener]
2018-04-04 17:42:21.342  INFO 6732 --- [    Test worker] .b.t.c.SpringBootTestContextBootstrapper : Using TestExecutionListeners: [org.springframework.test.context.web.ServletTestExecutionListener@571542d0, org.springframework.test.context.support.DirtiesContextBeforeModesTestExecutionListener@50326396, org.springframework.boot.test.mock.mockito.MockitoTestExecutionListener@853cd2d, org.springframework.boot.test.autoconfigure.SpringBootDependencyInjectionTestExecutionListener@668d2b05, org.springframework.test.context.support.DirtiesContextTestExecutionListener@1b73e6c6, org.springframework.test.context.transaction.TransactionalTestExecutionListener@581e08ed, org.springframework.test.context.jdbc.SqlScriptsTestExecutionListener@4eb28c66, org.springframework.boot.test.autoconfigure.restdocs.RestDocsTestExecutionListener@416853b6, org.springframework.boot.test.autoconfigure.web.client.MockRestServiceServerResetTestExecutionListener@4529c88b, org.springframework.boot.test.autoconfigure.web.servlet.MockMvcPrintOnlyOnFailureTestExecutionListener@6d58f9a3, org.springframework.boot.test.autoconfigure.web.servlet.WebDriverTestExecutionListener@375399d2, org.springframework.boot.test.mock.mockito.ResetMocksTestExecutionListener@34a5996d]
ejecutando  registrarEntradaCarroTest
ejecutando  registrarEntradaMotoTest
ejecutando  registrarSalidaCarroCobroTest
ejecutando  registrarSalidaMotoCobroTest
2018-04-04 17:42:21.475 ERROR 6732 --- [    Test worker] c.c.i.p.service.ParqueaderoService       : Los dias Domingos y Lunes no se le permite acceso a las placas que empiezan por A
2018-04-04 17:42:21.506 ERROR 6732 --- [    Test worker] c.c.i.p.service.ParqueaderoService       : Los dias Domingos y Lunes no se le permite acceso a las placas que empiezan por A
]]></system-out>
  <system-err><![CDATA[]]></system-err>
</testsuite>
