<?xml version="1.0" encoding="UTF-8"?>
<testsuite name="com.ceiba.induccion.parqueadero.service.ParqueaderoServiceTestInt" tests="5" skipped="0" failures="0" errors="0" timestamp="2018-03-23T22:08:56" hostname="CESAR-AGUIRRE" time="0.082">
  <properties/>
  <testcase name="verificarDisponibilidadServicioCarroTest" classname="com.ceiba.induccion.parqueadero.service.ParqueaderoServiceTestInt" time="0.037"/>
  <testcase name="verificarDisponibilidadServicioMotoPlacaA" classname="com.ceiba.induccion.parqueadero.service.ParqueaderoServiceTestInt" time="0.011"/>
  <testcase name="verificarDisponibilidadServicioMotoTest" classname="com.ceiba.induccion.parqueadero.service.ParqueaderoServiceTestInt" time="0.01"/>
  <testcase name="verificarDisponibilidadServicioDomingoYLunesPlacaA" classname="com.ceiba.induccion.parqueadero.service.ParqueaderoServiceTestInt" time="0.01"/>
  <testcase name="verificarDisponibilidadServicioCarroPlacaA" classname="com.ceiba.induccion.parqueadero.service.ParqueaderoServiceTestInt" time="0.012"/>
  <system-out><![CDATA[2018-03-23 17:08:56.989  INFO 2844 --- [    Test worker] .b.t.c.SpringBootTestContextBootstrapper : Neither @ContextConfiguration nor @ContextHierarchy found for test class [com.ceiba.induccion.parqueadero.service.ParqueaderoServiceTestInt], using SpringBootContextLoader
2018-03-23 17:08:56.989  INFO 2844 --- [    Test worker] o.s.t.c.support.AbstractContextLoader    : Could not detect default resource locations for test class [com.ceiba.induccion.parqueadero.service.ParqueaderoServiceTestInt]: no resource found for suffixes {-context.xml, Context.groovy}.
2018-03-23 17:08:56.989  INFO 2844 --- [    Test worker] t.c.s.AnnotationConfigContextLoaderUtils : Could not detect default configuration classes for test class [com.ceiba.induccion.parqueadero.service.ParqueaderoServiceTestInt]: ParqueaderoServiceTestInt does not declare any static, non-private, non-final, nested classes annotated with @Configuration.
2018-03-23 17:08:56.989  INFO 2844 --- [    Test worker] .b.t.c.SpringBootTestContextBootstrapper : Found @SpringBootConfiguration com.ceiba.induccion.parqueadero.ParqueaderoApplication for test class com.ceiba.induccion.parqueadero.service.ParqueaderoServiceTestInt
2018-03-23 17:08:56.989  INFO 2844 --- [    Test worker] .b.t.c.SpringBootTestContextBootstrapper : Loaded default TestExecutionListener class names from location [META-INF/spring.factories]: [org.springframework.boot.test.autoconfigure.restdocs.RestDocsTestExecutionListener, org.springframework.boot.test.autoconfigure.web.client.MockRestServiceServerResetTestExecutionListener, org.springframework.boot.test.autoconfigure.web.servlet.MockMvcPrintOnlyOnFailureTestExecutionListener, org.springframework.boot.test.autoconfigure.web.servlet.WebDriverTestExecutionListener, org.springframework.boot.test.mock.mockito.MockitoTestExecutionListener, org.springframework.boot.test.mock.mockito.ResetMocksTestExecutionListener, org.springframework.test.context.web.ServletTestExecutionListener, org.springframework.test.context.support.DirtiesContextBeforeModesTestExecutionListener, org.springframework.test.context.support.DependencyInjectionTestExecutionListener, org.springframework.test.context.support.DirtiesContextTestExecutionListener, org.springframework.test.context.transaction.TransactionalTestExecutionListener, org.springframework.test.context.jdbc.SqlScriptsTestExecutionListener]
2018-03-23 17:08:56.989  INFO 2844 --- [    Test worker] .b.t.c.SpringBootTestContextBootstrapper : Using TestExecutionListeners: [org.springframework.test.context.web.ServletTestExecutionListener@4e17268c, org.springframework.test.context.support.DirtiesContextBeforeModesTestExecutionListener@185287a9, org.springframework.boot.test.mock.mockito.MockitoTestExecutionListener@306b6e3e, org.springframework.boot.test.autoconfigure.SpringBootDependencyInjectionTestExecutionListener@74532759, org.springframework.test.context.support.DirtiesContextTestExecutionListener@3874c19, org.springframework.test.context.transaction.TransactionalTestExecutionListener@fe4fc0f, org.springframework.test.context.jdbc.SqlScriptsTestExecutionListener@64156953, org.springframework.boot.test.autoconfigure.restdocs.RestDocsTestExecutionListener@991e367, org.springframework.boot.test.autoconfigure.web.client.MockRestServiceServerResetTestExecutionListener@30cf91c8, org.springframework.boot.test.autoconfigure.web.servlet.MockMvcPrintOnlyOnFailureTestExecutionListener@1863175a, org.springframework.boot.test.autoconfigure.web.servlet.WebDriverTestExecutionListener@57f3aaf4, org.springframework.boot.test.mock.mockito.ResetMocksTestExecutionListener@517ff1b6]
]]></system-out>
  <system-err><![CDATA[]]></system-err>
</testsuite>
