<?xml version="1.0" encoding="UTF-8"?>
<testsuite name="com.ceiba.induccion.parqueadero.service.ParqueaderoServiceTestInt" tests="9" skipped="0" failures="0" errors="0" timestamp="2018-04-02T15:42:28" hostname="CESAR-AGUIRRE" time="0.125">
  <properties/>
  <testcase name="registrarEntradaCarroTest" classname="com.ceiba.induccion.parqueadero.service.ParqueaderoServiceTestInt" time="0.025"/>
  <testcase name="registrarEntradaMotoTest" classname="com.ceiba.induccion.parqueadero.service.ParqueaderoServiceTestInt" time="0.009"/>
  <testcase name="registrarSalidaCarroCobroTest" classname="com.ceiba.induccion.parqueadero.service.ParqueaderoServiceTestInt" time="0.036"/>
  <testcase name="registrarSalidaMotoCobroTest" classname="com.ceiba.induccion.parqueadero.service.ParqueaderoServiceTestInt" time="0.014"/>
  <testcase name="verificarDisponibilidadServicioCarroPlacaA" classname="com.ceiba.induccion.parqueadero.service.ParqueaderoServiceTestInt" time="0.006"/>
  <testcase name="verificarDisponibilidadServicioCarroTest" classname="com.ceiba.induccion.parqueadero.service.ParqueaderoServiceTestInt" time="0.007"/>
  <testcase name="verificarDisponibilidadServicioDomingoYLunesPlacaA" classname="com.ceiba.induccion.parqueadero.service.ParqueaderoServiceTestInt" time="0.007"/>
  <testcase name="verificarDisponibilidadServicioMotoPlacaA" classname="com.ceiba.induccion.parqueadero.service.ParqueaderoServiceTestInt" time="0.005"/>
  <testcase name="verificarDisponibilidadServicioMotoTest" classname="com.ceiba.induccion.parqueadero.service.ParqueaderoServiceTestInt" time="0.008"/>
  <system-out><![CDATA[2018-04-02 10:42:28.419  INFO 9872 --- [    Test worker] .b.t.c.SpringBootTestContextBootstrapper : Neither @ContextConfiguration nor @ContextHierarchy found for test class [com.ceiba.induccion.parqueadero.service.ParqueaderoServiceTestInt], using SpringBootContextLoader
2018-04-02 10:42:28.419  INFO 9872 --- [    Test worker] o.s.t.c.support.AbstractContextLoader    : Could not detect default resource locations for test class [com.ceiba.induccion.parqueadero.service.ParqueaderoServiceTestInt]: no resource found for suffixes {-context.xml, Context.groovy}.
2018-04-02 10:42:28.419  INFO 9872 --- [    Test worker] t.c.s.AnnotationConfigContextLoaderUtils : Could not detect default configuration classes for test class [com.ceiba.induccion.parqueadero.service.ParqueaderoServiceTestInt]: ParqueaderoServiceTestInt does not declare any static, non-private, non-final, nested classes annotated with @Configuration.
2018-04-02 10:42:28.434  INFO 9872 --- [    Test worker] .b.t.c.SpringBootTestContextBootstrapper : Found @SpringBootConfiguration com.ceiba.induccion.parqueadero.ParqueaderoApplication for test class com.ceiba.induccion.parqueadero.service.ParqueaderoServiceTestInt
2018-04-02 10:42:28.434  INFO 9872 --- [    Test worker] .b.t.c.SpringBootTestContextBootstrapper : Loaded default TestExecutionListener class names from location [META-INF/spring.factories]: [org.springframework.boot.test.autoconfigure.restdocs.RestDocsTestExecutionListener, org.springframework.boot.test.autoconfigure.web.client.MockRestServiceServerResetTestExecutionListener, org.springframework.boot.test.autoconfigure.web.servlet.MockMvcPrintOnlyOnFailureTestExecutionListener, org.springframework.boot.test.autoconfigure.web.servlet.WebDriverTestExecutionListener, org.springframework.boot.test.mock.mockito.MockitoTestExecutionListener, org.springframework.boot.test.mock.mockito.ResetMocksTestExecutionListener, org.springframework.test.context.web.ServletTestExecutionListener, org.springframework.test.context.support.DirtiesContextBeforeModesTestExecutionListener, org.springframework.test.context.support.DependencyInjectionTestExecutionListener, org.springframework.test.context.support.DirtiesContextTestExecutionListener, org.springframework.test.context.transaction.TransactionalTestExecutionListener, org.springframework.test.context.jdbc.SqlScriptsTestExecutionListener]
2018-04-02 10:42:28.434  INFO 9872 --- [    Test worker] .b.t.c.SpringBootTestContextBootstrapper : Using TestExecutionListeners: [org.springframework.test.context.web.ServletTestExecutionListener@643f683, org.springframework.test.context.support.DirtiesContextBeforeModesTestExecutionListener@2ace8a63, org.springframework.boot.test.mock.mockito.MockitoTestExecutionListener@1dbcf823, org.springframework.boot.test.autoconfigure.SpringBootDependencyInjectionTestExecutionListener@4389b026, org.springframework.test.context.support.DirtiesContextTestExecutionListener@5ae7a13a, org.springframework.test.context.transaction.TransactionalTestExecutionListener@424b597, org.springframework.test.context.jdbc.SqlScriptsTestExecutionListener@7e2338d0, org.springframework.boot.test.autoconfigure.restdocs.RestDocsTestExecutionListener@7025afb2, org.springframework.boot.test.autoconfigure.web.client.MockRestServiceServerResetTestExecutionListener@172c2efd, org.springframework.boot.test.autoconfigure.web.servlet.MockMvcPrintOnlyOnFailureTestExecutionListener@3605a982, org.springframework.boot.test.autoconfigure.web.servlet.WebDriverTestExecutionListener@5107e22a, org.springframework.boot.test.mock.mockito.ResetMocksTestExecutionListener@c828f87]
ejecutando  registrarEntradaCarroTest
ejecutando  registrarEntradaMotoTest
ejecutando  registrarSalidaCarroCobroTest
ejecutando  registrarSalidaMotoCobroTest
2018-04-02 10:42:28.528 ERROR 9872 --- [    Test worker] c.c.i.p.service.ParqueaderoService       : Los dias Domingos y Lunes no se le permite acceso a las placas que empiezan por A
2018-04-02 10:42:28.544 ERROR 9872 --- [    Test worker] c.c.i.p.service.ParqueaderoService       : Los dias Domingos y Lunes no se le permite acceso a las placas que empiezan por A
]]></system-out>
  <system-err><![CDATA[]]></system-err>
</testsuite>
