<?xml version="1.0" encoding="UTF-8"?>
<testsuite name="com.ceiba.induccion.parqueadero.service.ParqueaderoServiceTest" tests="14" skipped="0" failures="0" errors="0" timestamp="2018-04-04T14:09:43" hostname="CESAR-AGUIRRE" time="0.096">
  <properties/>
  <testcase name="registrarSalidaMotoCilindraje550CobroCincoHorasTest" classname="com.ceiba.induccion.parqueadero.service.ParqueaderoServiceTest" time="0.039"/>
  <testcase name="verificarDisponibilidadServicioCarroTest" classname="com.ceiba.induccion.parqueadero.service.ParqueaderoServiceTest" time="0.003"/>
  <testcase name="registrarSalidaCarroCobroTest" classname="com.ceiba.induccion.parqueadero.service.ParqueaderoServiceTest" time="0.003"/>
  <testcase name="verificarDisponibilidadServicioMotoPlacaA" classname="com.ceiba.induccion.parqueadero.service.ParqueaderoServiceTest" time="0.003"/>
  <testcase name="verificarDisponibilidadServicioDomingoOLunesPlacaA" classname="com.ceiba.induccion.parqueadero.service.ParqueaderoServiceTest" time="0.002"/>
  <testcase name="verificarDisponibilidadServicioMotoTest" classname="com.ceiba.induccion.parqueadero.service.ParqueaderoServiceTest" time="0.002"/>
  <testcase name="registrarEntradaCarroTest" classname="com.ceiba.induccion.parqueadero.service.ParqueaderoServiceTest" time="0.004"/>
  <testcase name="verificarDisponibilidadServicioCarroSinCupoDisponibleTest" classname="com.ceiba.induccion.parqueadero.service.ParqueaderoServiceTest" time="0.003"/>
  <testcase name="registrarSalidaCarroCobroPocosMinutosTest" classname="com.ceiba.induccion.parqueadero.service.ParqueaderoServiceTest" time="0.004"/>
  <testcase name="registrarSalidaCarroCobroCincoHorasTest" classname="com.ceiba.induccion.parqueadero.service.ParqueaderoServiceTest" time="0.004"/>
  <testcase name="verificarDisponibilidadServicioCarroPlacaA" classname="com.ceiba.induccion.parqueadero.service.ParqueaderoServiceTest" time="0.011"/>
  <testcase name="registrarSalidaCarroCobroNueveHorasTest" classname="com.ceiba.induccion.parqueadero.service.ParqueaderoServiceTest" time="0.003"/>
  <testcase name="registrarEntradaMotoTest" classname="com.ceiba.induccion.parqueadero.service.ParqueaderoServiceTest" time="0.003"/>
  <testcase name="verificarDisponibilidadServicioMotoSinCupoDisponibleTest" classname="com.ceiba.induccion.parqueadero.service.ParqueaderoServiceTest" time="0.002"/>
  <system-out><![CDATA[2018-04-04 09:09:41.942  INFO 3680 --- [    Test worker] .b.t.c.SpringBootTestContextBootstrapper : Neither @ContextConfiguration nor @ContextHierarchy found for test class [com.ceiba.induccion.parqueadero.service.ParqueaderoServiceTest], using SpringBootContextLoader
2018-04-04 09:09:41.942  INFO 3680 --- [    Test worker] o.s.t.c.support.AbstractContextLoader    : Could not detect default resource locations for test class [com.ceiba.induccion.parqueadero.service.ParqueaderoServiceTest]: no resource found for suffixes {-context.xml, Context.groovy}.
2018-04-04 09:09:41.942  INFO 3680 --- [    Test worker] t.c.s.AnnotationConfigContextLoaderUtils : Could not detect default configuration classes for test class [com.ceiba.induccion.parqueadero.service.ParqueaderoServiceTest]: ParqueaderoServiceTest does not declare any static, non-private, non-final, nested classes annotated with @Configuration.
2018-04-04 09:09:41.957  INFO 3680 --- [    Test worker] .b.t.c.SpringBootTestContextBootstrapper : Found @SpringBootConfiguration com.ceiba.induccion.parqueadero.ParqueaderoApplication for test class com.ceiba.induccion.parqueadero.service.ParqueaderoServiceTest
2018-04-04 09:09:41.957  INFO 3680 --- [    Test worker] .b.t.c.SpringBootTestContextBootstrapper : Loaded default TestExecutionListener class names from location [META-INF/spring.factories]: [org.springframework.boot.test.autoconfigure.restdocs.RestDocsTestExecutionListener, org.springframework.boot.test.autoconfigure.web.client.MockRestServiceServerResetTestExecutionListener, org.springframework.boot.test.autoconfigure.web.servlet.MockMvcPrintOnlyOnFailureTestExecutionListener, org.springframework.boot.test.autoconfigure.web.servlet.WebDriverTestExecutionListener, org.springframework.boot.test.mock.mockito.MockitoTestExecutionListener, org.springframework.boot.test.mock.mockito.ResetMocksTestExecutionListener, org.springframework.test.context.web.ServletTestExecutionListener, org.springframework.test.context.support.DirtiesContextBeforeModesTestExecutionListener, org.springframework.test.context.support.DependencyInjectionTestExecutionListener, org.springframework.test.context.support.DirtiesContextTestExecutionListener, org.springframework.test.context.transaction.TransactionalTestExecutionListener, org.springframework.test.context.jdbc.SqlScriptsTestExecutionListener]
2018-04-04 09:09:41.957  INFO 3680 --- [    Test worker] .b.t.c.SpringBootTestContextBootstrapper : Using TestExecutionListeners: [org.springframework.test.context.web.ServletTestExecutionListener@6468945e, org.springframework.test.context.support.DirtiesContextBeforeModesTestExecutionListener@4956d0f1, org.springframework.boot.test.mock.mockito.MockitoTestExecutionListener@1850afd, org.springframework.boot.test.autoconfigure.SpringBootDependencyInjectionTestExecutionListener@3c621da9, org.springframework.test.context.support.DirtiesContextTestExecutionListener@1c08a41f, org.springframework.test.context.transaction.TransactionalTestExecutionListener@63262e37, org.springframework.test.context.jdbc.SqlScriptsTestExecutionListener@4add024c, org.springframework.boot.test.autoconfigure.restdocs.RestDocsTestExecutionListener@66fec1eb, org.springframework.boot.test.autoconfigure.web.client.MockRestServiceServerResetTestExecutionListener@3f8fb977, org.springframework.boot.test.autoconfigure.web.servlet.MockMvcPrintOnlyOnFailureTestExecutionListener@6d0a7f27, org.springframework.boot.test.autoconfigure.web.servlet.WebDriverTestExecutionListener@4fe7cfa8, org.springframework.boot.test.mock.mockito.ResetMocksTestExecutionListener@5f86be26]

  .   ____          _            __ _ _
 /\\ / ___'_ __ _ _(_)_ __  __ _ \ \ \ \
( ( )\___ | '_ | '_| | '_ \/ _` | \ \ \ \
 \\/  ___)| |_)| | | | | || (_| |  ) ) ) )
  '  |____| .__|_| |_|_| |_\__, | / / / /
 =========|_|==============|___/=/_/_/_/
 :: Spring Boot ::        (v2.0.0.RELEASE)

2018-04-04 09:09:41.989  INFO 3680 --- [    Test worker] c.c.i.p.service.ParqueaderoServiceTest   : Starting ParqueaderoServiceTest on CESAR-AGUIRRE with PID 3680 (started by cesar.aguirre in D:\practice\ceiba\parqueadero)
2018-04-04 09:09:41.989  INFO 3680 --- [    Test worker] c.c.i.p.service.ParqueaderoServiceTest   : No active profile set, falling back to default profiles: default
2018-04-04 09:09:41.989  INFO 3680 --- [    Test worker] o.s.w.c.s.GenericWebApplicationContext   : Refreshing org.springframework.web.context.support.GenericWebApplicationContext@18aee7e5: startup date [Wed Apr 04 09:09:41 COT 2018]; root of context hierarchy
2018-04-04 09:09:42.902  INFO 3680 --- [    Test worker] trationDelegate$BeanPostProcessorChecker : Bean 'org.springframework.transaction.annotation.ProxyTransactionManagementConfiguration' of type [org.springframework.transaction.annotation.ProxyTransactionManagementConfiguration$$EnhancerBySpringCGLIB$$416438ec] is not eligible for getting processed by all BeanPostProcessors (for example: not eligible for auto-proxying)
2018-04-04 09:09:42.980  INFO 3680 --- [    Test worker] com.zaxxer.hikari.HikariDataSource       : HikariPool-2 - Starting...
2018-04-04 09:09:42.980  INFO 3680 --- [    Test worker] com.zaxxer.hikari.HikariDataSource       : HikariPool-2 - Start completed.
2018-04-04 09:09:42.995  INFO 3680 --- [    Test worker] j.LocalContainerEntityManagerFactoryBean : Building JPA container EntityManagerFactory for persistence unit 'default'
2018-04-04 09:09:42.995  INFO 3680 --- [    Test worker] o.hibernate.jpa.internal.util.LogHelper  : HHH000204: Processing PersistenceUnitInfo [
	name: default
	...]
2018-04-04 09:09:43.011  INFO 3680 --- [    Test worker] org.hibernate.dialect.Dialect            : HHH000400: Using dialect: org.hibernate.dialect.H2Dialect
2018-04-04 09:09:43.074  INFO 3680 --- [    Test worker] o.h.t.schema.internal.SchemaCreatorImpl  : HHH000476: Executing import script 'org.hibernate.tool.schema.internal.exec.ScriptSourceInputNonExistentImpl@18592e99'
2018-04-04 09:09:43.074  INFO 3680 --- [    Test worker] j.LocalContainerEntityManagerFactoryBean : Initialized JPA EntityManagerFactory for persistence unit 'default'
2018-04-04 09:09:43.411  INFO 3680 --- [    Test worker] s.w.s.m.m.a.RequestMappingHandlerAdapter : Looking for @ControllerAdvice: org.springframework.web.context.support.GenericWebApplicationContext@18aee7e5: startup date [Wed Apr 04 09:09:41 COT 2018]; root of context hierarchy
2018-04-04 09:09:43.427  WARN 3680 --- [    Test worker] aWebConfiguration$JpaWebMvcConfiguration : spring.jpa.open-in-view is enabled by default. Therefore, database queries may be performed during view rendering. Explicitly configure spring.jpa.open-in-view to disable this warning
2018-04-04 09:09:43.443  INFO 3680 --- [    Test worker] s.w.s.m.m.a.RequestMappingHandlerMapping : Mapped "{[/],methods=[GET]}" onto public java.lang.String com.ceiba.induccion.parqueadero.controller.ParqueaderoController.index()
2018-04-04 09:09:43.443  INFO 3680 --- [    Test worker] s.w.s.m.m.a.RequestMappingHandlerMapping : Mapped "{[/disponibilidad],methods=[POST]}" onto public com.ceiba.induccion.parqueadero.model.Servicio com.ceiba.induccion.parqueadero.controller.ParqueaderoController.verificarDisponibilidadServicio(com.ceiba.induccion.parqueadero.model.SolicitudServicio)
2018-04-04 09:09:43.443  INFO 3680 --- [    Test worker] s.w.s.m.m.a.RequestMappingHandlerMapping : Mapped "{[/entrada],methods=[POST]}" onto public com.ceiba.induccion.parqueadero.entity.CobroEntity com.ceiba.induccion.parqueadero.controller.ParqueaderoController.registrarEntradaCarro(com.ceiba.induccion.parqueadero.model.Servicio)
2018-04-04 09:09:43.443  INFO 3680 --- [    Test worker] s.w.s.m.m.a.RequestMappingHandlerMapping : Mapped "{[/getAllCobros],methods=[GET]}" onto public java.util.List<com.ceiba.induccion.parqueadero.entity.CobroEntity> com.ceiba.induccion.parqueadero.controller.ParqueaderoController.consultarCobros(java.lang.String)
2018-04-04 09:09:43.443  INFO 3680 --- [    Test worker] s.w.s.m.m.a.RequestMappingHandlerMapping : Mapped "{[/salida],methods=[GET]}" onto public com.ceiba.induccion.parqueadero.model.Cobro com.ceiba.induccion.parqueadero.controller.ParqueaderoController.registrarSalida(java.lang.Long)
2018-04-04 09:09:43.458  INFO 3680 --- [    Test worker] s.w.s.m.m.a.RequestMappingHandlerMapping : Mapped "{[/error]}" onto public org.springframework.http.ResponseEntity<java.util.Map<java.lang.String, java.lang.Object>> org.springframework.boot.autoconfigure.web.servlet.error.BasicErrorController.error(javax.servlet.http.HttpServletRequest)
2018-04-04 09:09:43.458  INFO 3680 --- [    Test worker] s.w.s.m.m.a.RequestMappingHandlerMapping : Mapped "{[/error],produces=[text/html]}" onto public org.springframework.web.servlet.ModelAndView org.springframework.boot.autoconfigure.web.servlet.error.BasicErrorController.errorHtml(javax.servlet.http.HttpServletRequest,javax.servlet.http.HttpServletResponse)
2018-04-04 09:09:43.489  INFO 3680 --- [    Test worker] o.s.w.s.handler.SimpleUrlHandlerMapping  : Mapped URL path [/webjars/**] onto handler of type [class org.springframework.web.servlet.resource.ResourceHttpRequestHandler]
2018-04-04 09:09:43.489  INFO 3680 --- [    Test worker] o.s.w.s.handler.SimpleUrlHandlerMapping  : Mapped URL path [/**] onto handler of type [class org.springframework.web.servlet.resource.ResourceHttpRequestHandler]
2018-04-04 09:09:43.536  INFO 3680 --- [    Test worker] o.s.w.s.handler.SimpleUrlHandlerMapping  : Mapped URL path [/**/favicon.ico] onto handler of type [class org.springframework.web.servlet.resource.ResourceHttpRequestHandler]
2018-04-04 09:09:43.802  INFO 3680 --- [    Test worker] c.c.i.p.service.ParqueaderoServiceTest   : Started ParqueaderoServiceTest in 1.845 seconds (JVM running for 10.282)
2018-04-04 09:09:43.880 ERROR 3680 --- [    Test worker] c.c.i.p.service.ParqueaderoService       : Los dias Domingos y Lunes no se le permite acceso a las placas que empiezan por A
2018-04-04 09:09:43.896 ERROR 3680 --- [    Test worker] c.c.i.p.service.ParqueaderoService       : No existe cupo disponible en el momento
2018-04-04 09:09:43.927 ERROR 3680 --- [    Test worker] c.c.i.p.service.ParqueaderoService       : No existe cupo disponible en el momento
]]></system-out>
  <system-err><![CDATA[]]></system-err>
</testsuite>
