<?xml version="1.0" encoding="UTF-8"?>
<testsuite name="com.ceiba.induccion.parqueadero.service.ParqueaderoServiceTestInt" tests="9" skipped="0" failures="0" errors="0" timestamp="2018-04-04T13:07:17" hostname="CESAR-AGUIRRE" time="0.168">
  <properties/>
  <testcase name="registrarEntradaCarroTest" classname="com.ceiba.induccion.parqueadero.service.ParqueaderoServiceTestInt" time="0.044"/>
  <testcase name="registrarEntradaMotoTest" classname="com.ceiba.induccion.parqueadero.service.ParqueaderoServiceTestInt" time="0.013"/>
  <testcase name="registrarSalidaCarroCobroTest" classname="com.ceiba.induccion.parqueadero.service.ParqueaderoServiceTestInt" time="0.045"/>
  <testcase name="registrarSalidaMotoCobroTest" classname="com.ceiba.induccion.parqueadero.service.ParqueaderoServiceTestInt" time="0.021"/>
  <testcase name="verificarDisponibilidadServicioCarroPlacaA" classname="com.ceiba.induccion.parqueadero.service.ParqueaderoServiceTestInt" time="0.007"/>
  <testcase name="verificarDisponibilidadServicioCarroTest" classname="com.ceiba.induccion.parqueadero.service.ParqueaderoServiceTestInt" time="0.011"/>
  <testcase name="verificarDisponibilidadServicioDomingoYLunesPlacaA" classname="com.ceiba.induccion.parqueadero.service.ParqueaderoServiceTestInt" time="0.006"/>
  <testcase name="verificarDisponibilidadServicioMotoPlacaA" classname="com.ceiba.induccion.parqueadero.service.ParqueaderoServiceTestInt" time="0.007"/>
  <testcase name="verificarDisponibilidadServicioMotoTest" classname="com.ceiba.induccion.parqueadero.service.ParqueaderoServiceTestInt" time="0.007"/>
  <system-out><![CDATA[2018-04-04 08:07:16.999  INFO 8668 --- [    Test worker] .b.t.c.SpringBootTestContextBootstrapper : Neither @ContextConfiguration nor @ContextHierarchy found for test class [com.ceiba.induccion.parqueadero.service.ParqueaderoServiceTestInt], using SpringBootContextLoader
2018-04-04 08:07:17.000  INFO 8668 --- [    Test worker] o.s.t.c.support.AbstractContextLoader    : Could not detect default resource locations for test class [com.ceiba.induccion.parqueadero.service.ParqueaderoServiceTestInt]: no resource found for suffixes {-context.xml, Context.groovy}.
2018-04-04 08:07:17.000  INFO 8668 --- [    Test worker] t.c.s.AnnotationConfigContextLoaderUtils : Could not detect default configuration classes for test class [com.ceiba.induccion.parqueadero.service.ParqueaderoServiceTestInt]: ParqueaderoServiceTestInt does not declare any static, non-private, non-final, nested classes annotated with @Configuration.
2018-04-04 08:07:17.003  INFO 8668 --- [    Test worker] .b.t.c.SpringBootTestContextBootstrapper : Found @SpringBootConfiguration com.ceiba.induccion.parqueadero.ParqueaderoApplication for test class com.ceiba.induccion.parqueadero.service.ParqueaderoServiceTestInt
2018-04-04 08:07:17.004  INFO 8668 --- [    Test worker] .b.t.c.SpringBootTestContextBootstrapper : Loaded default TestExecutionListener class names from location [META-INF/spring.factories]: [org.springframework.boot.test.autoconfigure.restdocs.RestDocsTestExecutionListener, org.springframework.boot.test.autoconfigure.web.client.MockRestServiceServerResetTestExecutionListener, org.springframework.boot.test.autoconfigure.web.servlet.MockMvcPrintOnlyOnFailureTestExecutionListener, org.springframework.boot.test.autoconfigure.web.servlet.WebDriverTestExecutionListener, org.springframework.boot.test.mock.mockito.MockitoTestExecutionListener, org.springframework.boot.test.mock.mockito.ResetMocksTestExecutionListener, org.springframework.test.context.web.ServletTestExecutionListener, org.springframework.test.context.support.DirtiesContextBeforeModesTestExecutionListener, org.springframework.test.context.support.DependencyInjectionTestExecutionListener, org.springframework.test.context.support.DirtiesContextTestExecutionListener, org.springframework.test.context.transaction.TransactionalTestExecutionListener, org.springframework.test.context.jdbc.SqlScriptsTestExecutionListener]
2018-04-04 08:07:17.005  INFO 8668 --- [    Test worker] .b.t.c.SpringBootTestContextBootstrapper : Using TestExecutionListeners: [org.springframework.test.context.web.ServletTestExecutionListener@3fef8f26, org.springframework.test.context.support.DirtiesContextBeforeModesTestExecutionListener@5ee98a5, org.springframework.boot.test.mock.mockito.MockitoTestExecutionListener@3b2e024c, org.springframework.boot.test.autoconfigure.SpringBootDependencyInjectionTestExecutionListener@67659b9e, org.springframework.test.context.support.DirtiesContextTestExecutionListener@24b0aeeb, org.springframework.test.context.transaction.TransactionalTestExecutionListener@55ea2168, org.springframework.test.context.jdbc.SqlScriptsTestExecutionListener@1e1d65fb, org.springframework.boot.test.autoconfigure.restdocs.RestDocsTestExecutionListener@556fb4cd, org.springframework.boot.test.autoconfigure.web.client.MockRestServiceServerResetTestExecutionListener@74899f7d, org.springframework.boot.test.autoconfigure.web.servlet.MockMvcPrintOnlyOnFailureTestExecutionListener@70ec01e5, org.springframework.boot.test.autoconfigure.web.servlet.WebDriverTestExecutionListener@52b80be, org.springframework.boot.test.mock.mockito.ResetMocksTestExecutionListener@2d4a850a]
ejecutando  registrarEntradaCarroTest
ejecutando  registrarEntradaMotoTest
ejecutando  registrarSalidaCarroCobroTest
ejecutando  registrarSalidaMotoCobroTest
2018-04-04 08:07:17.142 ERROR 8668 --- [    Test worker] c.c.i.p.service.ParqueaderoService       : Los dias Domingos y Lunes no se le permite acceso a las placas que empiezan por A
2018-04-04 08:07:17.168 ERROR 8668 --- [    Test worker] c.c.i.p.service.ParqueaderoService       : Los dias Domingos y Lunes no se le permite acceso a las placas que empiezan por A
]]></system-out>
  <system-err><![CDATA[]]></system-err>
</testsuite>
