<?xml version="1.0" encoding="UTF-8"?>
<testsuite name="com.ceiba.induccion.parqueadero.service.ParqueaderoServiceTest" tests="15" skipped="0" failures="0" errors="0" timestamp="2018-04-06T14:49:48" hostname="CESARP-AGUIRRE" time="0.168">
  <properties/>
  <testcase name="registrarSalidaMotoCilindraje550CobroCincoHorasTest" classname="com.ceiba.induccion.parqueadero.service.ParqueaderoServiceTest" time="0.047"/>
  <testcase name="verificarDisponibilidadServicioCarroTest" classname="com.ceiba.induccion.parqueadero.service.ParqueaderoServiceTest" time="0.006"/>
  <testcase name="registrarSalidaCarroCobroTest" classname="com.ceiba.induccion.parqueadero.service.ParqueaderoServiceTest" time="0.007"/>
  <testcase name="verificarDisponibilidadServicioMotoPlacaA" classname="com.ceiba.induccion.parqueadero.service.ParqueaderoServiceTest" time="0.007"/>
  <testcase name="verificarDisponibilidadServicioDomingoOLunesPlacaA" classname="com.ceiba.induccion.parqueadero.service.ParqueaderoServiceTest" time="0.004"/>
  <testcase name="verificarDisponibilidadServicioMotoTest" classname="com.ceiba.induccion.parqueadero.service.ParqueaderoServiceTest" time="0.005"/>
  <testcase name="registrarEntradaCarroTest" classname="com.ceiba.induccion.parqueadero.service.ParqueaderoServiceTest" time="0.008"/>
  <testcase name="verificarDisponibilidadServicioCarroSinCupoDisponibleTest" classname="com.ceiba.induccion.parqueadero.service.ParqueaderoServiceTest" time="0.009"/>
  <testcase name="registrarSalidaCarroCobroPocosMinutosTest" classname="com.ceiba.induccion.parqueadero.service.ParqueaderoServiceTest" time="0.008"/>
  <testcase name="registrarSalidaCarroCobroCincoHorasTest" classname="com.ceiba.induccion.parqueadero.service.ParqueaderoServiceTest" time="0.007"/>
  <testcase name="verificarDisponibilidadServicioCarroPlacaA" classname="com.ceiba.induccion.parqueadero.service.ParqueaderoServiceTest" time="0.004"/>
  <testcase name="registrarSalidaCarroCobroNueveHorasTest" classname="com.ceiba.induccion.parqueadero.service.ParqueaderoServiceTest" time="0.009"/>
  <testcase name="registrarEntradaMotoTest" classname="com.ceiba.induccion.parqueadero.service.ParqueaderoServiceTest" time="0.008"/>
  <testcase name="verificarDisponibilidadServicioMotoSinCupoDisponibleTest" classname="com.ceiba.induccion.parqueadero.service.ParqueaderoServiceTest" time="0.005"/>
  <testcase name="crearCobroEntityConErrorTest" classname="com.ceiba.induccion.parqueadero.service.ParqueaderoServiceTest" time="0.005"/>
  <system-out><![CDATA[2018-04-06 09:49:46.262  INFO 9016 --- [    Test worker] .b.t.c.SpringBootTestContextBootstrapper : Neither @ContextConfiguration nor @ContextHierarchy found for test class [com.ceiba.induccion.parqueadero.service.ParqueaderoServiceTest], using SpringBootContextLoader
2018-04-06 09:49:46.263  INFO 9016 --- [    Test worker] o.s.t.c.support.AbstractContextLoader    : Could not detect default resource locations for test class [com.ceiba.induccion.parqueadero.service.ParqueaderoServiceTest]: no resource found for suffixes {-context.xml, Context.groovy}.
2018-04-06 09:49:46.263  INFO 9016 --- [    Test worker] t.c.s.AnnotationConfigContextLoaderUtils : Could not detect default configuration classes for test class [com.ceiba.induccion.parqueadero.service.ParqueaderoServiceTest]: ParqueaderoServiceTest does not declare any static, non-private, non-final, nested classes annotated with @Configuration.
2018-04-06 09:49:46.294  INFO 9016 --- [    Test worker] .b.t.c.SpringBootTestContextBootstrapper : Found @SpringBootConfiguration com.ceiba.induccion.parqueadero.ParqueaderoApplication for test class com.ceiba.induccion.parqueadero.service.ParqueaderoServiceTest
2018-04-06 09:49:46.302  INFO 9016 --- [    Test worker] .b.t.c.SpringBootTestContextBootstrapper : Loaded default TestExecutionListener class names from location [META-INF/spring.factories]: [org.springframework.boot.test.autoconfigure.restdocs.RestDocsTestExecutionListener, org.springframework.boot.test.autoconfigure.web.client.MockRestServiceServerResetTestExecutionListener, org.springframework.boot.test.autoconfigure.web.servlet.MockMvcPrintOnlyOnFailureTestExecutionListener, org.springframework.boot.test.autoconfigure.web.servlet.WebDriverTestExecutionListener, org.springframework.boot.test.mock.mockito.MockitoTestExecutionListener, org.springframework.boot.test.mock.mockito.ResetMocksTestExecutionListener, org.springframework.test.context.web.ServletTestExecutionListener, org.springframework.test.context.support.DirtiesContextBeforeModesTestExecutionListener, org.springframework.test.context.support.DependencyInjectionTestExecutionListener, org.springframework.test.context.support.DirtiesContextTestExecutionListener, org.springframework.test.context.transaction.TransactionalTestExecutionListener, org.springframework.test.context.jdbc.SqlScriptsTestExecutionListener]
2018-04-06 09:49:46.311  INFO 9016 --- [    Test worker] .b.t.c.SpringBootTestContextBootstrapper : Using TestExecutionListeners: [org.springframework.test.context.web.ServletTestExecutionListener@657a1387, org.springframework.test.context.support.DirtiesContextBeforeModesTestExecutionListener@6d4a9225, org.springframework.boot.test.mock.mockito.MockitoTestExecutionListener@257d82cf, org.springframework.boot.test.autoconfigure.SpringBootDependencyInjectionTestExecutionListener@67d6e46c, org.springframework.test.context.support.DirtiesContextTestExecutionListener@5205253a, org.springframework.test.context.transaction.TransactionalTestExecutionListener@6b674ee5, org.springframework.test.context.jdbc.SqlScriptsTestExecutionListener@2245c2bc, org.springframework.boot.test.autoconfigure.restdocs.RestDocsTestExecutionListener@7260a71c, org.springframework.boot.test.autoconfigure.web.client.MockRestServiceServerResetTestExecutionListener@937709f, org.springframework.boot.test.autoconfigure.web.servlet.MockMvcPrintOnlyOnFailureTestExecutionListener@58f6073a, org.springframework.boot.test.autoconfigure.web.servlet.WebDriverTestExecutionListener@542a6eba, org.springframework.boot.test.mock.mockito.ResetMocksTestExecutionListener@23057b64]

  .   ____          _            __ _ _
 /\\ / ___'_ __ _ _(_)_ __  __ _ \ \ \ \
( ( )\___ | '_ | '_| | '_ \/ _` | \ \ \ \
 \\/  ___)| |_)| | | | | || (_| |  ) ) ) )
  '  |____| .__|_| |_|_| |_\__, | / / / /
 =========|_|==============|___/=/_/_/_/
 :: Spring Boot ::        (v2.0.0.RELEASE)

2018-04-06 09:49:46.411  INFO 9016 --- [    Test worker] c.c.i.p.service.ParqueaderoServiceTest   : Starting ParqueaderoServiceTest on CESARP-AGUIRRE with PID 9016 (started by cesar.aguirre in D:\ceiba\induccion\practice\ceiba\parqueadero)
2018-04-06 09:49:46.411  INFO 9016 --- [    Test worker] c.c.i.p.service.ParqueaderoServiceTest   : No active profile set, falling back to default profiles: default
2018-04-06 09:49:46.416  INFO 9016 --- [    Test worker] o.s.w.c.s.GenericWebApplicationContext   : Refreshing org.springframework.web.context.support.GenericWebApplicationContext@a1626fc: startup date [Fri Apr 06 09:49:46 COT 2018]; root of context hierarchy
2018-04-06 09:49:46.916  INFO 9016 --- [    Test worker] trationDelegate$BeanPostProcessorChecker : Bean 'org.springframework.transaction.annotation.ProxyTransactionManagementConfiguration' of type [org.springframework.transaction.annotation.ProxyTransactionManagementConfiguration$$EnhancerBySpringCGLIB$$f85b3c27] is not eligible for getting processed by all BeanPostProcessors (for example: not eligible for auto-proxying)
2018-04-06 09:49:47.039  INFO 9016 --- [    Test worker] com.zaxxer.hikari.HikariDataSource       : HikariPool-2 - Starting...
2018-04-06 09:49:47.041  INFO 9016 --- [    Test worker] com.zaxxer.hikari.HikariDataSource       : HikariPool-2 - Start completed.
2018-04-06 09:49:47.067  INFO 9016 --- [    Test worker] j.LocalContainerEntityManagerFactoryBean : Building JPA container EntityManagerFactory for persistence unit 'default'
2018-04-06 09:49:47.067  INFO 9016 --- [    Test worker] o.hibernate.jpa.internal.util.LogHelper  : HHH000204: Processing PersistenceUnitInfo [
	name: default
	...]
2018-04-06 09:49:47.080  INFO 9016 --- [    Test worker] org.hibernate.dialect.Dialect            : HHH000400: Using dialect: org.hibernate.dialect.H2Dialect
2018-04-06 09:49:47.181  INFO 9016 --- [    Test worker] o.h.t.schema.internal.SchemaCreatorImpl  : HHH000476: Executing import script 'org.hibernate.tool.schema.internal.exec.ScriptSourceInputNonExistentImpl@e2b8ef1'
2018-04-06 09:49:47.181  INFO 9016 --- [    Test worker] j.LocalContainerEntityManagerFactoryBean : Initialized JPA EntityManagerFactory for persistence unit 'default'
2018-04-06 09:49:47.671  INFO 9016 --- [    Test worker] s.w.s.m.m.a.RequestMappingHandlerAdapter : Looking for @ControllerAdvice: org.springframework.web.context.support.GenericWebApplicationContext@a1626fc: startup date [Fri Apr 06 09:49:46 COT 2018]; root of context hierarchy
2018-04-06 09:49:47.683  WARN 9016 --- [    Test worker] aWebConfiguration$JpaWebMvcConfiguration : spring.jpa.open-in-view is enabled by default. Therefore, database queries may be performed during view rendering. Explicitly configure spring.jpa.open-in-view to disable this warning
2018-04-06 09:49:47.707  INFO 9016 --- [    Test worker] s.w.s.m.m.a.RequestMappingHandlerMapping : Mapped "{[/],methods=[GET]}" onto public java.lang.String com.ceiba.induccion.parqueadero.controller.ParqueaderoController.index()
2018-04-06 09:49:47.708  INFO 9016 --- [    Test worker] s.w.s.m.m.a.RequestMappingHandlerMapping : Mapped "{[/disponibilidad],methods=[POST]}" onto public com.ceiba.induccion.parqueadero.model.Servicio com.ceiba.induccion.parqueadero.controller.ParqueaderoController.verificarDisponibilidadServicio(com.ceiba.induccion.parqueadero.model.SolicitudServicio)
2018-04-06 09:49:47.708  INFO 9016 --- [    Test worker] s.w.s.m.m.a.RequestMappingHandlerMapping : Mapped "{[/entrada],methods=[POST]}" onto public com.ceiba.induccion.parqueadero.entity.CobroEntity com.ceiba.induccion.parqueadero.controller.ParqueaderoController.registrarEntradaCarro(com.ceiba.induccion.parqueadero.model.Servicio)
2018-04-06 09:49:47.709  INFO 9016 --- [    Test worker] s.w.s.m.m.a.RequestMappingHandlerMapping : Mapped "{[/getAllCobros],methods=[GET]}" onto public java.util.List<com.ceiba.induccion.parqueadero.entity.CobroEntity> com.ceiba.induccion.parqueadero.controller.ParqueaderoController.consultarCobros(java.lang.String)
2018-04-06 09:49:47.710  INFO 9016 --- [    Test worker] s.w.s.m.m.a.RequestMappingHandlerMapping : Mapped "{[/salida],methods=[GET]}" onto public com.ceiba.induccion.parqueadero.model.Cobro com.ceiba.induccion.parqueadero.controller.ParqueaderoController.registrarSalida(java.lang.Long)
2018-04-06 09:49:47.712  INFO 9016 --- [    Test worker] s.w.s.m.m.a.RequestMappingHandlerMapping : Mapped "{[/error]}" onto public org.springframework.http.ResponseEntity<java.util.Map<java.lang.String, java.lang.Object>> org.springframework.boot.autoconfigure.web.servlet.error.BasicErrorController.error(javax.servlet.http.HttpServletRequest)
2018-04-06 09:49:47.713  INFO 9016 --- [    Test worker] s.w.s.m.m.a.RequestMappingHandlerMapping : Mapped "{[/error],produces=[text/html]}" onto public org.springframework.web.servlet.ModelAndView org.springframework.boot.autoconfigure.web.servlet.error.BasicErrorController.errorHtml(javax.servlet.http.HttpServletRequest,javax.servlet.http.HttpServletResponse)
2018-04-06 09:49:47.754  INFO 9016 --- [    Test worker] o.s.w.s.handler.SimpleUrlHandlerMapping  : Mapped URL path [/webjars/**] onto handler of type [class org.springframework.web.servlet.resource.ResourceHttpRequestHandler]
2018-04-06 09:49:47.754  INFO 9016 --- [    Test worker] o.s.w.s.handler.SimpleUrlHandlerMapping  : Mapped URL path [/**] onto handler of type [class org.springframework.web.servlet.resource.ResourceHttpRequestHandler]
2018-04-06 09:49:47.800  INFO 9016 --- [    Test worker] o.s.w.s.handler.SimpleUrlHandlerMapping  : Mapped URL path [/**/favicon.ico] onto handler of type [class org.springframework.web.servlet.resource.ResourceHttpRequestHandler]
2018-04-06 09:49:48.123  INFO 9016 --- [    Test worker] c.c.i.p.service.ParqueaderoServiceTest   : Started ParqueaderoServiceTest in 1.805 seconds (JVM running for 15.55)
2018-04-06 09:49:48.202 ERROR 9016 --- [    Test worker] c.c.i.p.service.ParqueaderoService       : Los dias Domingos y Lunes no se le permite acceso a las placas que empiezan por A
2018-04-06 09:49:48.234 ERROR 9016 --- [    Test worker] c.c.i.p.service.ParqueaderoService       : No existe cupo disponible en el momento
2018-04-06 09:49:48.263 ERROR 9016 --- [    Test worker] c.c.i.p.service.ParqueaderoService       : Los dias Domingos y Lunes no se le permite acceso a las placas que empiezan por A
2018-04-06 09:49:48.292 ERROR 9016 --- [    Test worker] c.c.i.p.service.ParqueaderoService       : No existe cupo disponible en el momento
]]></system-out>
  <system-err><![CDATA[]]></system-err>
</testsuite>
