<?xml version="1.0" encoding="UTF-8"?>
<testsuite name="com.ceiba.induccion.parqueadero.service.ParqueaderoServiceTest" tests="14" skipped="0" failures="0" errors="0" timestamp="2018-03-28T21:52:54" hostname="CESAR-AGUIRRE" time="0.089">
  <properties/>
  <testcase name="registrarSalidaMotoCilindraje550CobroCincoHorasTest" classname="com.ceiba.induccion.parqueadero.service.ParqueaderoServiceTest" time="0.032"/>
  <testcase name="verificarDisponibilidadServicioCarroTest" classname="com.ceiba.induccion.parqueadero.service.ParqueaderoServiceTest" time="0.003"/>
  <testcase name="errorRegistrarEntradaTest" classname="com.ceiba.induccion.parqueadero.service.ParqueaderoServiceTest" time="0.002"/>
  <testcase name="registrarSalidaCarroCobroTest" classname="com.ceiba.induccion.parqueadero.service.ParqueaderoServiceTest" time="0.003"/>
  <testcase name="verificarDisponibilidadServicioMotoPlacaA" classname="com.ceiba.induccion.parqueadero.service.ParqueaderoServiceTest" time="0.002"/>
  <testcase name="verificarDisponibilidadServicioDomingoOLunesPlacaA" classname="com.ceiba.induccion.parqueadero.service.ParqueaderoServiceTest" time="0.002"/>
  <testcase name="verificarDisponibilidadServicioMotoTest" classname="com.ceiba.induccion.parqueadero.service.ParqueaderoServiceTest" time="0.002"/>
  <testcase name="registrarEntradaCarroTest" classname="com.ceiba.induccion.parqueadero.service.ParqueaderoServiceTest" time="0.003"/>
  <testcase name="verificarDisponibilidadServicioCarroSinCupoDisponibleTest" classname="com.ceiba.induccion.parqueadero.service.ParqueaderoServiceTest" time="0.002"/>
  <testcase name="registrarSalidaCarroCobroCincoHorasTest" classname="com.ceiba.induccion.parqueadero.service.ParqueaderoServiceTest" time="0.003"/>
  <testcase name="verificarDisponibilidadServicioCarroPlacaA" classname="com.ceiba.induccion.parqueadero.service.ParqueaderoServiceTest" time="0.012"/>
  <testcase name="registrarSalidaCarroCobroNueveHorasTest" classname="com.ceiba.induccion.parqueadero.service.ParqueaderoServiceTest" time="0.004"/>
  <testcase name="registrarEntradaMotoTest" classname="com.ceiba.induccion.parqueadero.service.ParqueaderoServiceTest" time="0.003"/>
  <testcase name="verificarDisponibilidadServicioMotoSinCupoDisponibleTest" classname="com.ceiba.induccion.parqueadero.service.ParqueaderoServiceTest" time="0.002"/>
  <system-out><![CDATA[2018-03-28 16:52:53.091  INFO 6196 --- [    Test worker] .b.t.c.SpringBootTestContextBootstrapper : Neither @ContextConfiguration nor @ContextHierarchy found for test class [com.ceiba.induccion.parqueadero.service.ParqueaderoServiceTest], using SpringBootContextLoader
2018-03-28 16:52:53.091  INFO 6196 --- [    Test worker] o.s.t.c.support.AbstractContextLoader    : Could not detect default resource locations for test class [com.ceiba.induccion.parqueadero.service.ParqueaderoServiceTest]: no resource found for suffixes {-context.xml, Context.groovy}.
2018-03-28 16:52:53.091  INFO 6196 --- [    Test worker] t.c.s.AnnotationConfigContextLoaderUtils : Could not detect default configuration classes for test class [com.ceiba.induccion.parqueadero.service.ParqueaderoServiceTest]: ParqueaderoServiceTest does not declare any static, non-private, non-final, nested classes annotated with @Configuration.
2018-03-28 16:52:53.107  INFO 6196 --- [    Test worker] .b.t.c.SpringBootTestContextBootstrapper : Found @SpringBootConfiguration com.ceiba.induccion.parqueadero.ParqueaderoApplication for test class com.ceiba.induccion.parqueadero.service.ParqueaderoServiceTest
2018-03-28 16:52:53.107  INFO 6196 --- [    Test worker] .b.t.c.SpringBootTestContextBootstrapper : Loaded default TestExecutionListener class names from location [META-INF/spring.factories]: [org.springframework.boot.test.autoconfigure.restdocs.RestDocsTestExecutionListener, org.springframework.boot.test.autoconfigure.web.client.MockRestServiceServerResetTestExecutionListener, org.springframework.boot.test.autoconfigure.web.servlet.MockMvcPrintOnlyOnFailureTestExecutionListener, org.springframework.boot.test.autoconfigure.web.servlet.WebDriverTestExecutionListener, org.springframework.boot.test.mock.mockito.MockitoTestExecutionListener, org.springframework.boot.test.mock.mockito.ResetMocksTestExecutionListener, org.springframework.test.context.web.ServletTestExecutionListener, org.springframework.test.context.support.DirtiesContextBeforeModesTestExecutionListener, org.springframework.test.context.support.DependencyInjectionTestExecutionListener, org.springframework.test.context.support.DirtiesContextTestExecutionListener, org.springframework.test.context.transaction.TransactionalTestExecutionListener, org.springframework.test.context.jdbc.SqlScriptsTestExecutionListener]
2018-03-28 16:52:53.107  INFO 6196 --- [    Test worker] .b.t.c.SpringBootTestContextBootstrapper : Using TestExecutionListeners: [org.springframework.test.context.web.ServletTestExecutionListener@2ff2aa5d, org.springframework.test.context.support.DirtiesContextBeforeModesTestExecutionListener@3e714286, org.springframework.boot.test.mock.mockito.MockitoTestExecutionListener@14d7c0c4, org.springframework.boot.test.autoconfigure.SpringBootDependencyInjectionTestExecutionListener@767236cf, org.springframework.test.context.support.DirtiesContextTestExecutionListener@4ce8da1e, org.springframework.test.context.transaction.TransactionalTestExecutionListener@7839c477, org.springframework.test.context.jdbc.SqlScriptsTestExecutionListener@52c2ea54, org.springframework.boot.test.autoconfigure.restdocs.RestDocsTestExecutionListener@35e17a8d, org.springframework.boot.test.autoconfigure.web.client.MockRestServiceServerResetTestExecutionListener@3fd36e05, org.springframework.boot.test.autoconfigure.web.servlet.MockMvcPrintOnlyOnFailureTestExecutionListener@9ff0ff4, org.springframework.boot.test.autoconfigure.web.servlet.WebDriverTestExecutionListener@4caad4d5, org.springframework.boot.test.mock.mockito.ResetMocksTestExecutionListener@72a1eadf]

  .   ____          _            __ _ _
 /\\ / ___'_ __ _ _(_)_ __  __ _ \ \ \ \
( ( )\___ | '_ | '_| | '_ \/ _` | \ \ \ \
 \\/  ___)| |_)| | | | | || (_| |  ) ) ) )
  '  |____| .__|_| |_|_| |_\__, | / / / /
 =========|_|==============|___/=/_/_/_/
 :: Spring Boot ::        (v2.0.0.RELEASE)

2018-03-28 16:52:53.138  INFO 6196 --- [    Test worker] c.c.i.p.service.ParqueaderoServiceTest   : Starting ParqueaderoServiceTest on CESAR-AGUIRRE with PID 6196 (started by cesar.aguirre in D:\practice\ceiba\parqueadero)
2018-03-28 16:52:53.138  INFO 6196 --- [    Test worker] c.c.i.p.service.ParqueaderoServiceTest   : No active profile set, falling back to default profiles: default
2018-03-28 16:52:53.154  INFO 6196 --- [    Test worker] o.s.w.c.s.GenericWebApplicationContext   : Refreshing org.springframework.web.context.support.GenericWebApplicationContext@7cd8f9a1: startup date [Wed Mar 28 16:52:53 COT 2018]; root of context hierarchy
2018-03-28 16:52:54.045  INFO 6196 --- [    Test worker] trationDelegate$BeanPostProcessorChecker : Bean 'org.springframework.transaction.annotation.ProxyTransactionManagementConfiguration' of type [org.springframework.transaction.annotation.ProxyTransactionManagementConfiguration$$EnhancerBySpringCGLIB$$7b5f58f7] is not eligible for getting processed by all BeanPostProcessors (for example: not eligible for auto-proxying)
2018-03-28 16:52:54.138  INFO 6196 --- [    Test worker] com.zaxxer.hikari.HikariDataSource       : HikariPool-2 - Starting...
2018-03-28 16:52:54.138  INFO 6196 --- [    Test worker] com.zaxxer.hikari.HikariDataSource       : HikariPool-2 - Start completed.
2018-03-28 16:52:54.154  INFO 6196 --- [    Test worker] j.LocalContainerEntityManagerFactoryBean : Building JPA container EntityManagerFactory for persistence unit 'default'
2018-03-28 16:52:54.154  INFO 6196 --- [    Test worker] o.hibernate.jpa.internal.util.LogHelper  : HHH000204: Processing PersistenceUnitInfo [
	name: default
	...]
2018-03-28 16:52:54.170  INFO 6196 --- [    Test worker] org.hibernate.dialect.Dialect            : HHH000400: Using dialect: org.hibernate.dialect.H2Dialect
2018-03-28 16:52:54.232  INFO 6196 --- [    Test worker] o.h.t.schema.internal.SchemaCreatorImpl  : HHH000476: Executing import script 'org.hibernate.tool.schema.internal.exec.ScriptSourceInputNonExistentImpl@6063abfa'
2018-03-28 16:52:54.232  INFO 6196 --- [    Test worker] j.LocalContainerEntityManagerFactoryBean : Initialized JPA EntityManagerFactory for persistence unit 'default'
2018-03-28 16:52:54.560  INFO 6196 --- [    Test worker] s.w.s.m.m.a.RequestMappingHandlerAdapter : Looking for @ControllerAdvice: org.springframework.web.context.support.GenericWebApplicationContext@7cd8f9a1: startup date [Wed Mar 28 16:52:53 COT 2018]; root of context hierarchy
2018-03-28 16:52:54.576  WARN 6196 --- [    Test worker] aWebConfiguration$JpaWebMvcConfiguration : spring.jpa.open-in-view is enabled by default. Therefore, database queries may be performed during view rendering. Explicitly configure spring.jpa.open-in-view to disable this warning
2018-03-28 16:52:54.591  INFO 6196 --- [    Test worker] s.w.s.m.m.a.RequestMappingHandlerMapping : Mapped "{[/],methods=[GET]}" onto public java.lang.String com.ceiba.induccion.parqueadero.controller.ParqueaderoController.index()
2018-03-28 16:52:54.607  INFO 6196 --- [    Test worker] s.w.s.m.m.a.RequestMappingHandlerMapping : Mapped "{[/disponibilidad],methods=[POST]}" onto public com.ceiba.induccion.parqueadero.model.Servicio com.ceiba.induccion.parqueadero.controller.ParqueaderoController.verificarDisponibilidadServicio(com.ceiba.induccion.parqueadero.model.SolicitudServicio)
2018-03-28 16:52:54.607  INFO 6196 --- [    Test worker] s.w.s.m.m.a.RequestMappingHandlerMapping : Mapped "{[/entrada],methods=[POST]}" onto public com.ceiba.induccion.parqueadero.entity.CobroEntity com.ceiba.induccion.parqueadero.controller.ParqueaderoController.registrarEntradaCarro(com.ceiba.induccion.parqueadero.model.Servicio)
2018-03-28 16:52:54.607  INFO 6196 --- [    Test worker] s.w.s.m.m.a.RequestMappingHandlerMapping : Mapped "{[/getAllCobros],methods=[GET]}" onto public java.util.List<com.ceiba.induccion.parqueadero.entity.CobroEntity> com.ceiba.induccion.parqueadero.controller.ParqueaderoController.consultarCobros(java.lang.String)
2018-03-28 16:52:54.607  INFO 6196 --- [    Test worker] s.w.s.m.m.a.RequestMappingHandlerMapping : Mapped "{[/salida],methods=[GET]}" onto public com.ceiba.induccion.parqueadero.model.Cobro com.ceiba.induccion.parqueadero.controller.ParqueaderoController.registrarSalida(java.lang.Long)
2018-03-28 16:52:54.607  INFO 6196 --- [    Test worker] s.w.s.m.m.a.RequestMappingHandlerMapping : Mapped "{[/error]}" onto public org.springframework.http.ResponseEntity<java.util.Map<java.lang.String, java.lang.Object>> org.springframework.boot.autoconfigure.web.servlet.error.BasicErrorController.error(javax.servlet.http.HttpServletRequest)
2018-03-28 16:52:54.607  INFO 6196 --- [    Test worker] s.w.s.m.m.a.RequestMappingHandlerMapping : Mapped "{[/error],produces=[text/html]}" onto public org.springframework.web.servlet.ModelAndView org.springframework.boot.autoconfigure.web.servlet.error.BasicErrorController.errorHtml(javax.servlet.http.HttpServletRequest,javax.servlet.http.HttpServletResponse)
2018-03-28 16:52:54.638  INFO 6196 --- [    Test worker] o.s.w.s.handler.SimpleUrlHandlerMapping  : Mapped URL path [/webjars/**] onto handler of type [class org.springframework.web.servlet.resource.ResourceHttpRequestHandler]
2018-03-28 16:52:54.638  INFO 6196 --- [    Test worker] o.s.w.s.handler.SimpleUrlHandlerMapping  : Mapped URL path [/**] onto handler of type [class org.springframework.web.servlet.resource.ResourceHttpRequestHandler]
2018-03-28 16:52:54.670  INFO 6196 --- [    Test worker] o.s.w.s.handler.SimpleUrlHandlerMapping  : Mapped URL path [/**/favicon.ico] onto handler of type [class org.springframework.web.servlet.resource.ResourceHttpRequestHandler]
2018-03-28 16:52:54.904  INFO 6196 --- [    Test worker] c.c.i.p.service.ParqueaderoServiceTest   : Started ParqueaderoServiceTest in 1.797 seconds (JVM running for 9.795)
]]></system-out>
  <system-err><![CDATA[]]></system-err>
</testsuite>
