<?xml version="1.0" encoding="UTF-8"?>
<testsuite name="com.ceiba.induccion.parqueadero.service.ParqueaderoServiceTestInt" tests="9" skipped="0" failures="0" errors="0" timestamp="2018-04-03T18:58:46" hostname="CESAR-AGUIRRE" time="0.156">
  <properties/>
  <testcase name="registrarEntradaCarroTest" classname="com.ceiba.induccion.parqueadero.service.ParqueaderoServiceTestInt" time="0.037"/>
  <testcase name="registrarEntradaMotoTest" classname="com.ceiba.induccion.parqueadero.service.ParqueaderoServiceTestInt" time="0.01"/>
  <testcase name="registrarSalidaCarroCobroTest" classname="com.ceiba.induccion.parqueadero.service.ParqueaderoServiceTestInt" time="0.048"/>
  <testcase name="registrarSalidaMotoCobroTest" classname="com.ceiba.induccion.parqueadero.service.ParqueaderoServiceTestInt" time="0.022"/>
  <testcase name="verificarDisponibilidadServicioCarroPlacaA" classname="com.ceiba.induccion.parqueadero.service.ParqueaderoServiceTestInt" time="0.007"/>
  <testcase name="verificarDisponibilidadServicioCarroTest" classname="com.ceiba.induccion.parqueadero.service.ParqueaderoServiceTestInt" time="0.006"/>
  <testcase name="verificarDisponibilidadServicioDomingoYLunesPlacaA" classname="com.ceiba.induccion.parqueadero.service.ParqueaderoServiceTestInt" time="0.005"/>
  <testcase name="verificarDisponibilidadServicioMotoPlacaA" classname="com.ceiba.induccion.parqueadero.service.ParqueaderoServiceTestInt" time="0.007"/>
  <testcase name="verificarDisponibilidadServicioMotoTest" classname="com.ceiba.induccion.parqueadero.service.ParqueaderoServiceTestInt" time="0.007"/>
  <system-out><![CDATA[2018-04-03 13:58:46.008  INFO 9988 --- [    Test worker] .b.t.c.SpringBootTestContextBootstrapper : Neither @ContextConfiguration nor @ContextHierarchy found for test class [com.ceiba.induccion.parqueadero.service.ParqueaderoServiceTestInt], using SpringBootContextLoader
2018-04-03 13:58:46.008  INFO 9988 --- [    Test worker] o.s.t.c.support.AbstractContextLoader    : Could not detect default resource locations for test class [com.ceiba.induccion.parqueadero.service.ParqueaderoServiceTestInt]: no resource found for suffixes {-context.xml, Context.groovy}.
2018-04-03 13:58:46.008  INFO 9988 --- [    Test worker] t.c.s.AnnotationConfigContextLoaderUtils : Could not detect default configuration classes for test class [com.ceiba.induccion.parqueadero.service.ParqueaderoServiceTestInt]: ParqueaderoServiceTestInt does not declare any static, non-private, non-final, nested classes annotated with @Configuration.
2018-04-03 13:58:46.008  INFO 9988 --- [    Test worker] .b.t.c.SpringBootTestContextBootstrapper : Found @SpringBootConfiguration com.ceiba.induccion.parqueadero.ParqueaderoApplication for test class com.ceiba.induccion.parqueadero.service.ParqueaderoServiceTestInt
2018-04-03 13:58:46.008  INFO 9988 --- [    Test worker] .b.t.c.SpringBootTestContextBootstrapper : Loaded default TestExecutionListener class names from location [META-INF/spring.factories]: [org.springframework.boot.test.autoconfigure.restdocs.RestDocsTestExecutionListener, org.springframework.boot.test.autoconfigure.web.client.MockRestServiceServerResetTestExecutionListener, org.springframework.boot.test.autoconfigure.web.servlet.MockMvcPrintOnlyOnFailureTestExecutionListener, org.springframework.boot.test.autoconfigure.web.servlet.WebDriverTestExecutionListener, org.springframework.boot.test.mock.mockito.MockitoTestExecutionListener, org.springframework.boot.test.mock.mockito.ResetMocksTestExecutionListener, org.springframework.test.context.web.ServletTestExecutionListener, org.springframework.test.context.support.DirtiesContextBeforeModesTestExecutionListener, org.springframework.test.context.support.DependencyInjectionTestExecutionListener, org.springframework.test.context.support.DirtiesContextTestExecutionListener, org.springframework.test.context.transaction.TransactionalTestExecutionListener, org.springframework.test.context.jdbc.SqlScriptsTestExecutionListener]
2018-04-03 13:58:46.008  INFO 9988 --- [    Test worker] .b.t.c.SpringBootTestContextBootstrapper : Using TestExecutionListeners: [org.springframework.test.context.web.ServletTestExecutionListener@56a2bb6a, org.springframework.test.context.support.DirtiesContextBeforeModesTestExecutionListener@609212b0, org.springframework.boot.test.mock.mockito.MockitoTestExecutionListener@158eb2c, org.springframework.boot.test.autoconfigure.SpringBootDependencyInjectionTestExecutionListener@73c261de, org.springframework.test.context.support.DirtiesContextTestExecutionListener@30f8fd27, org.springframework.test.context.transaction.TransactionalTestExecutionListener@400f6e1a, org.springframework.test.context.jdbc.SqlScriptsTestExecutionListener@6c8fcbc, org.springframework.boot.test.autoconfigure.restdocs.RestDocsTestExecutionListener@6664a12a, org.springframework.boot.test.autoconfigure.web.client.MockRestServiceServerResetTestExecutionListener@11827904, org.springframework.boot.test.autoconfigure.web.servlet.MockMvcPrintOnlyOnFailureTestExecutionListener@2a46aa90, org.springframework.boot.test.autoconfigure.web.servlet.WebDriverTestExecutionListener@6b2a9e78, org.springframework.boot.test.mock.mockito.ResetMocksTestExecutionListener@28040fc6]
ejecutando  registrarEntradaCarroTest
ejecutando  registrarEntradaMotoTest
ejecutando  registrarSalidaCarroCobroTest
ejecutando  registrarSalidaMotoCobroTest
2018-04-03 13:58:46.149 ERROR 9988 --- [    Test worker] c.c.i.p.service.ParqueaderoService       : Los dias Domingos y Lunes no se le permite acceso a las placas que empiezan por A
2018-04-03 13:58:46.164 ERROR 9988 --- [    Test worker] c.c.i.p.service.ParqueaderoService       : Los dias Domingos y Lunes no se le permite acceso a las placas que empiezan por A
]]></system-out>
  <system-err><![CDATA[]]></system-err>
</testsuite>
